生成启动时间为 2020/9/13 19:13:00。
     1>项目“E:\CodeSource\MFC\iCom\iCom\iCom.vcxproj”在节点 2 上(build 个目标)。
     1>PrepareForBuild:
         正在创建目录“E:\CodeSource\MFC\iCom\Release\”。
       InitializeBuildStatus:
         正在创建“Release\iCom.unsuccessfulbuild”，因为已指定“AlwaysCreate”。
       ClCompile:
         D:\Microsoft Visual Studio 10.0\VC\bin\CL.exe /c /Zi /nologo /W3 /WX- /O2 /Oi /Oy- /GL /D WIN32 /D _WINDOWS /D NDEBUG /D _UNICODE /D UNICODE /D _AFXDLL /Gm- /EHsc /MD /GS /Gy /fp:precise /Zc:wchar_t /Zc:forScope /Yc"StdAfx.h" /Fp"Release\iCom.pch" /Fo"Release\\" /Fd"Release\vc100.pdb" /Gd /TP /analyze- /errorReport:prompt stdafx.cpp
         stdafx.cpp
         D:\Microsoft Visual Studio 10.0\VC\bin\CL.exe /c /Zi /nologo /W3 /WX- /O2 /Oi /Oy- /GL /D WIN32 /D _WINDOWS /D NDEBUG /D _UNICODE /D UNICODE /D _AFXDLL /Gm- /EHsc /MD /GS /Gy /fp:precise /Zc:wchar_t /Zc:forScope /Yu"StdAfx.h" /Fp"Release\iCom.pch" /Fo"Release\\" /Fd"Release\vc100.pdb" /Gd /TP /analyze- /errorReport:prompt iCom.cpp iComDlg.cpp mscomm1.cpp
         iCom.cpp
         iComDlg.cpp
         mscomm1.cpp
       ResourceCompile:
         C:\Program Files (x86)\Microsoft SDKs\Windows\v7.0A\bin\rc.exe /D NDEBUG /D _UNICODE /D UNICODE /D _AFXDLL /l"0x0804" /IRelease\ /nologo /fo"Release\iCom.res" iCom.rc 
       Link:
         D:\Microsoft Visual Studio 10.0\VC\bin\link.exe /ERRORREPORT:PROMPT /OUT:"E:\CodeSource\MFC\iCom\Release\iCom.exe" /INCREMENTAL:NO /NOLOGO /MANIFEST /ManifestFile:"Release\iCom.exe.intermediate.manifest" /MANIFESTUAC:"level='asInvoker' uiAccess='false'" /DEBUG /PDB:"E:\CodeSource\MFC\iCom\Release\iCom.pdb" /SUBSYSTEM:WINDOWS /OPT:REF /OPT:ICF /LTCG /TLBID:1 /ENTRY:"wWinMainCRTStartup" /DYNAMICBASE /NXCOMPAT /IMPLIB:"E:\CodeSource\MFC\iCom\Release\iCom.lib" /MACHINE:X86 Release\iCom.res
         Release\iCom.obj
         Release\iComDlg.obj
         Release\mscomm1.obj
         Release\stdafx.obj
         正在生成代码
         已完成代码的生成
         iCom.vcxproj -> E:\CodeSource\MFC\iCom\Release\iCom.exe
       Manifest:
         C:\Program Files (x86)\Microsoft SDKs\Windows\v7.0A\bin\mt.exe /nologo /verbose /outputresource:"E:\CodeSource\MFC\iCom\Release\iCom.exe;#1" /manifest Release\iCom.exe.intermediate.manifest "D:\Microsoft Visual Studio 10.0\VC\Include\Manifest\dpiaware.manifest"
       FinalizeBuildStatus:
         正在删除文件“Release\iCom.unsuccessfulbuild”。
         正在对“Release\iCom.lastbuildstate”执行 Touch 任务。
     1>已完成生成项目“E:\CodeSource\MFC\iCom\iCom\iCom.vcxproj”(build 个目标)的操作。

生成成功。

已用时间 00:00:08.07
